<?xml version="1.0" encoding="UTF-8"?>
<testsuite xmlns:xsi="http://www.w3.org/2001/XMLSchema-instance" xsi:noNamespaceSchemaLocation="https://maven.apache.org/surefire/maven-surefire-plugin/xsd/surefire-test-report.xsd" name="TestSuite" time="1.718" tests="9" errors="0" skipped="3" failures="6">
  <properties>
[...]
</properties>
  <testcase name="start" classname="com.epam.ta.test.PageObjectTest$MaikiWebDriverTest" time="1.438">
    <failure message="The driver executable does not exist: C:\Users\vladb\Desktop\github-automation-master\java\GitHubAutomation\src\test\resources\chromedriver.exe" type="java.lang.IllegalStateException">java.lang.IllegalStateException: The driver executable does not exist: C:\Users\vladb\Desktop\github-automation-master\java\GitHubAutomation\src\test\resources\chromedriver.exe
	at com.epam.ta.test.PageObjectTest$MaikiWebDriverTest.start(PageObjectTest.java:21)
</failure>
  </testcase>
  <testcase name="start" classname="com.epam.ta.test.PageObjectTest$MaikiWebDriverTest" time="1.443">
    <failure message="The driver executable does not exist: C:\Users\vladb\Desktop\github-automation-master\java\GitHubAutomation\src\test\resources\chromedriver.exe" type="java.lang.IllegalStateException">java.lang.IllegalStateException: The driver executable does not exist: C:\Users\vladb\Desktop\github-automation-master\java\GitHubAutomation\src\test\resources\chromedriver.exe
	at com.epam.ta.test.PageObjectTest$MaikiWebDriverTest.start(PageObjectTest.java:21)
</failure>
  </testcase>
  <testcase name="testBasket" classname="com.epam.ta.test.PageObjectTest$MaikiWebDriverTest" time="0">
    <skipped message="The driver executable does not exist: C:\Users\vladb\Desktop\github-automation-master\java\GitHubAutomation\src\test\resources\chromedriver.exe"/>
  </testcase>
  <testcase name="end" classname="com.epam.ta.test.PageObjectTest$MaikiWebDriverTest" time="1.439">
    <failure type="java.lang.NullPointerException">java.lang.NullPointerException
	at com.epam.ta.test.PageObjectTest$MaikiWebDriverTest.end(PageObjectTest.java:57)
</failure>
  </testcase>
  <testcase name="end" classname="com.epam.ta.test.PageObjectTest$MaikiWebDriverTest" time="1.444">
    <failure type="java.lang.NullPointerException">java.lang.NullPointerException
	at com.epam.ta.test.PageObjectTest$MaikiWebDriverTest.end(PageObjectTest.java:57)
</failure>
  </testcase>
  <testcase name="testFavorites" classname="com.epam.ta.test.PageObjectTest$MaikiWebDriverTest" time="0">
    <skipped message="The driver executable does not exist: C:\Users\vladb\Desktop\github-automation-master\java\GitHubAutomation\src\test\resources\chromedriver.exe"/>
  </testcase>
  <testcase name="setUp" classname="com.epam.ta.test.UserAccessTests" time="1.446">
    <failure type="java.lang.NullPointerException">java.lang.NullPointerException
</failure>
  </testcase>
  <testcase name="oneCanLoginMaiki" classname="com.epam.ta.test.UserAccessTests" time="0">
    <skipped/>
  </testcase>
  <testcase name="stopBrowser" classname="com.epam.ta.test.UserAccessTests" time="1.446">
    <failure type="java.lang.NullPointerException">java.lang.NullPointerException
</failure>
  </testcase>
</testsuite>